<?xml version="1.0" encoding="UTF-8"?>
<coverage generated="1637674909100" clover="3.2.0">
  <project timestamp="1637674909100" name="All files">
    <metrics statements="92" coveredstatements="84" conditionals="60" coveredconditionals="49" methods="18" coveredmethods="17" elements="170" coveredelements="150" complexity="0" loc="92" ncloc="92" packages="1" files="3" classes="3"/>
    <file name="CmdLine.js" path="/home/maksim/Ciphering-CLI-Tool/src/CmdLine.js">
      <metrics statements="41" coveredstatements="33" conditionals="36" coveredconditionals="28" methods="5" coveredmethods="4"/>
      <line num="1" count="1" type="stmt"/>
      <line num="2" count="1" type="stmt"/>
      <line num="5" count="4" type="cond" truecount="2" falsecount="0"/>
      <line num="6" count="2" type="stmt"/>
      <line num="7" count="0" type="cond" truecount="0" falsecount="2"/>
      <line num="8" count="0" type="stmt"/>
      <line num="12" count="2" type="stmt"/>
      <line num="17" count="2" type="stmt"/>
      <line num="18" count="2" type="stmt"/>
      <line num="19" count="2" type="stmt"/>
      <line num="21" count="2" type="stmt"/>
      <line num="22" count="12" type="cond" truecount="4" falsecount="0"/>
      <line num="23" count="2" type="cond" truecount="1" falsecount="1"/>
      <line num="24" count="0" type="stmt"/>
      <line num="26" count="2" type="stmt"/>
      <line num="27" count="2" type="stmt"/>
      <line num="31" count="12" type="cond" truecount="4" falsecount="0"/>
      <line num="32" count="1" type="cond" truecount="1" falsecount="1"/>
      <line num="33" count="0" type="stmt"/>
      <line num="35" count="1" type="stmt"/>
      <line num="36" count="1" type="stmt"/>
      <line num="40" count="12" type="cond" truecount="4" falsecount="0"/>
      <line num="41" count="1" type="cond" truecount="1" falsecount="1"/>
      <line num="42" count="0" type="stmt"/>
      <line num="44" count="1" type="stmt"/>
      <line num="45" count="1" type="stmt"/>
      <line num="51" count="2" type="cond" truecount="1" falsecount="1"/>
      <line num="52" count="0" type="stmt"/>
      <line num="55" count="2" type="cond" truecount="2" falsecount="0"/>
      <line num="56" count="1" type="stmt"/>
      <line num="59" count="2" type="cond" truecount="2" falsecount="0"/>
      <line num="60" count="1" type="stmt"/>
      <line num="63" count="2" type="cond" truecount="1" falsecount="1"/>
      <line num="64" count="0" type="stmt"/>
      <line num="67" count="2" type="stmt"/>
      <line num="68" count="6" type="cond" truecount="4" falsecount="0"/>
      <line num="69" count="4" type="stmt"/>
      <line num="70" count="2" type="cond" truecount="1" falsecount="1"/>
      <line num="71" count="0" type="stmt"/>
      <line num="75" count="2" type="stmt"/>
      <line num="78" count="1" type="stmt"/>
    </file>
    <file name="Encoder.js" path="/home/maksim/Ciphering-CLI-Tool/src/Encoder.js">
      <metrics statements="39" coveredstatements="39" conditionals="18" coveredconditionals="15" methods="10" coveredmethods="10"/>
      <line num="1" count="1" type="stmt"/>
      <line num="30" count="1" type="stmt"/>
      <line num="61" count="8" type="cond" truecount="1" falsecount="1"/>
      <line num="62" count="8" type="stmt"/>
      <line num="63" count="8" type="stmt"/>
      <line num="64" count="8" type="stmt"/>
      <line num="65" count="202" type="cond" truecount="2" falsecount="0"/>
      <line num="67" count="8" type="stmt"/>
      <line num="69" count="194" type="cond" truecount="2" falsecount="0"/>
      <line num="70" count="112" type="stmt"/>
      <line num="73" count="82" type="stmt"/>
      <line num="75" count="8" type="stmt"/>
      <line num="79" count="2" type="cond" truecount="1" falsecount="1"/>
      <line num="80" count="2" type="stmt"/>
      <line num="81" count="2" type="stmt"/>
      <line num="82" count="2" type="stmt"/>
      <line num="83" count="82" type="cond" truecount="2" falsecount="0"/>
      <line num="85" count="4" type="stmt"/>
      <line num="87" count="78" type="cond" truecount="2" falsecount="0"/>
      <line num="88" count="56" type="stmt"/>
      <line num="91" count="22" type="stmt"/>
      <line num="93" count="2" type="stmt"/>
      <line num="97" count="4" type="stmt"/>
      <line num="101" count="1" type="stmt"/>
      <line num="105" count="4" type="stmt"/>
      <line num="109" count="1" type="stmt"/>
      <line num="112" count="3" type="cond" truecount="1" falsecount="1"/>
      <line num="113" count="3" type="stmt"/>
      <line num="114" count="3" type="stmt"/>
      <line num="115" count="3" type="stmt"/>
      <line num="116" count="3" type="stmt"/>
      <line num="117" count="3" type="stmt"/>
      <line num="118" count="60" type="cond" truecount="2" falsecount="0"/>
      <line num="120" count="2" type="stmt"/>
      <line num="122" count="58" type="cond" truecount="2" falsecount="0"/>
      <line num="124" count="28" type="stmt"/>
      <line num="127" count="30" type="stmt"/>
      <line num="129" count="3" type="stmt"/>
      <line num="133" count="1" type="stmt"/>
    </file>
    <file name="parseCipher.js" path="/home/maksim/Ciphering-CLI-Tool/src/parseCipher.js">
      <metrics statements="12" coveredstatements="12" conditionals="6" coveredconditionals="6" methods="3" coveredmethods="3"/>
      <line num="1" count="1" type="stmt"/>
      <line num="5" count="2" type="stmt"/>
      <line num="6" count="2" type="stmt"/>
      <line num="7" count="6" type="cond" truecount="2" falsecount="0"/>
      <line num="8" count="2" type="stmt"/>
      <line num="10" count="6" type="cond" truecount="2" falsecount="0"/>
      <line num="11" count="2" type="stmt"/>
      <line num="14" count="6" type="cond" truecount="2" falsecount="0"/>
      <line num="15" count="2" type="stmt"/>
      <line num="19" count="2" type="stmt"/>
      <line num="23" count="2" type="stmt"/>
      <line num="27" count="1" type="stmt"/>
    </file>
  </project>
</coverage>
