{"/home/maksim/Ciphering-CLI-Tool/src/CmdLine.js": {"path":"/home/maksim/Ciphering-CLI-Tool/src/CmdLine.js","statementMap":{"0":{"start":{"line":1,"column":13},"end":{"line":1,"column":28}},"1":{"start":{"line":2,"column":11},"end":{"line":2,"column":24}},"2":{"start":{"line":5,"column":2},"end":{"line":13,"column":3}},"3":{"start":{"line":6,"column":4},"end":{"line":10,"column":7}},"4":{"start":{"line":7,"column":6},"end":{"line":9,"column":7}},"5":{"start":{"line":8,"column":8},"end":{"line":8,"column":38}},"6":{"start":{"line":12,"column":4},"end":{"line":12,"column":32}},"7":{"start":{"line":17,"column":12},"end":{"line":17,"column":21}},"8":{"start":{"line":18,"column":14},"end":{"line":18,"column":15}},"9":{"start":{"line":19,"column":17},"end":{"line":19,"column":61}},"10":{"start":{"line":21,"column":2},"end":{"line":48,"column":5}},"11":{"start":{"line":22,"column":4},"end":{"line":29,"column":5}},"12":{"start":{"line":23,"column":6},"end":{"line":28,"column":7}},"13":{"start":{"line":24,"column":8},"end":{"line":24,"column":67}},"14":{"start":{"line":26,"column":8},"end":{"line":26,"column":64}},"15":{"start":{"line":27,"column":8},"end":{"line":27,"column":16}},"16":{"start":{"line":31,"column":4},"end":{"line":38,"column":5}},"17":{"start":{"line":32,"column":6},"end":{"line":37,"column":7}},"18":{"start":{"line":33,"column":8},"end":{"line":33,"column":67}},"19":{"start":{"line":35,"column":8},"end":{"line":35,"column":38}},"20":{"start":{"line":36,"column":8},"end":{"line":36,"column":16}},"21":{"start":{"line":40,"column":4},"end":{"line":47,"column":5}},"22":{"start":{"line":41,"column":6},"end":{"line":46,"column":7}},"23":{"start":{"line":42,"column":8},"end":{"line":42,"column":67}},"24":{"start":{"line":44,"column":8},"end":{"line":44,"column":38}},"25":{"start":{"line":45,"column":8},"end":{"line":45,"column":16}},"26":{"start":{"line":51,"column":2},"end":{"line":53,"column":3}},"27":{"start":{"line":52,"column":4},"end":{"line":52,"column":40}},"28":{"start":{"line":55,"column":2},"end":{"line":57,"column":3}},"29":{"start":{"line":56,"column":4},"end":{"line":56,"column":52}},"30":{"start":{"line":59,"column":2},"end":{"line":61,"column":3}},"31":{"start":{"line":60,"column":4},"end":{"line":60,"column":52}},"32":{"start":{"line":63,"column":2},"end":{"line":65,"column":3}},"33":{"start":{"line":64,"column":4},"end":{"line":64,"column":34}},"34":{"start":{"line":67,"column":2},"end":{"line":73,"column":5}},"35":{"start":{"line":68,"column":4},"end":{"line":72,"column":5}},"36":{"start":{"line":69,"column":6},"end":{"line":69,"column":37}},"37":{"start":{"line":70,"column":11},"end":{"line":72,"column":5}},"38":{"start":{"line":71,"column":6},"end":{"line":71,"column":38}},"39":{"start":{"line":75,"column":2},"end":{"line":75,"column":13}},"40":{"start":{"line":78,"column":0},"end":{"line":80,"column":2}}},"fnMap":{"0":{"name":"checkFile","decl":{"start":{"line":4,"column":9},"end":{"line":4,"column":18}},"loc":{"start":{"line":4,"column":25},"end":{"line":14,"column":1}},"line":4},"1":{"name":"(anonymous_1)","decl":{"start":{"line":6,"column":18},"end":{"line":6,"column":19}},"loc":{"start":{"line":6,"column":34},"end":{"line":10,"column":5}},"line":6},"2":{"name":"parseConsole","decl":{"start":{"line":16,"column":9},"end":{"line":16,"column":21}},"loc":{"start":{"line":16,"column":28},"end":{"line":76,"column":1}},"line":16},"3":{"name":"(anonymous_3)","decl":{"start":{"line":21,"column":15},"end":{"line":21,"column":16}},"loc":{"start":{"line":21,"column":30},"end":{"line":48,"column":3}},"line":21},"4":{"name":"(anonymous_4)","decl":{"start":{"line":67,"column":14},"end":{"line":67,"column":15}},"loc":{"start":{"line":67,"column":30},"end":{"line":73,"column":3}},"line":67}},"branchMap":{"0":{"loc":{"start":{"line":5,"column":2},"end":{"line":13,"column":3}},"type":"if","locations":[{"start":{"line":5,"column":2},"end":{"line":13,"column":3}},{"start":{"line":11,"column":9},"end":{"line":13,"column":3}}],"line":5},"1":{"loc":{"start":{"line":7,"column":6},"end":{"line":9,"column":7}},"type":"if","locations":[{"start":{"line":7,"column":6},"end":{"line":9,"column":7}},{"start":{},"end":{}}],"line":7},"2":{"loc":{"start":{"line":22,"column":4},"end":{"line":29,"column":5}},"type":"if","locations":[{"start":{"line":22,"column":4},"end":{"line":29,"column":5}},{"start":{},"end":{}}],"line":22},"3":{"loc":{"start":{"line":22,"column":8},"end":{"line":22,"column":38}},"type":"binary-expr","locations":[{"start":{"line":22,"column":8},"end":{"line":22,"column":18}},{"start":{"line":22,"column":22},"end":{"line":22,"column":38}}],"line":22},"4":{"loc":{"start":{"line":23,"column":6},"end":{"line":28,"column":7}},"type":"if","locations":[{"start":{"line":23,"column":6},"end":{"line":28,"column":7}},{"start":{"line":25,"column":13},"end":{"line":28,"column":7}}],"line":23},"5":{"loc":{"start":{"line":31,"column":4},"end":{"line":38,"column":5}},"type":"if","locations":[{"start":{"line":31,"column":4},"end":{"line":38,"column":5}},{"start":{},"end":{}}],"line":31},"6":{"loc":{"start":{"line":31,"column":8},"end":{"line":31,"column":37}},"type":"binary-expr","locations":[{"start":{"line":31,"column":8},"end":{"line":31,"column":18}},{"start":{"line":31,"column":22},"end":{"line":31,"column":37}}],"line":31},"7":{"loc":{"start":{"line":32,"column":6},"end":{"line":37,"column":7}},"type":"if","locations":[{"start":{"line":32,"column":6},"end":{"line":37,"column":7}},{"start":{"line":34,"column":13},"end":{"line":37,"column":7}}],"line":32},"8":{"loc":{"start":{"line":40,"column":4},"end":{"line":47,"column":5}},"type":"if","locations":[{"start":{"line":40,"column":4},"end":{"line":47,"column":5}},{"start":{},"end":{}}],"line":40},"9":{"loc":{"start":{"line":40,"column":8},"end":{"line":40,"column":40}},"type":"binary-expr","locations":[{"start":{"line":40,"column":8},"end":{"line":40,"column":19}},{"start":{"line":40,"column":23},"end":{"line":40,"column":40}}],"line":40},"10":{"loc":{"start":{"line":41,"column":6},"end":{"line":46,"column":7}},"type":"if","locations":[{"start":{"line":41,"column":6},"end":{"line":46,"column":7}},{"start":{"line":43,"column":13},"end":{"line":46,"column":7}}],"line":41},"11":{"loc":{"start":{"line":51,"column":2},"end":{"line":53,"column":3}},"type":"if","locations":[{"start":{"line":51,"column":2},"end":{"line":53,"column":3}},{"start":{},"end":{}}],"line":51},"12":{"loc":{"start":{"line":55,"column":2},"end":{"line":57,"column":3}},"type":"if","locations":[{"start":{"line":55,"column":2},"end":{"line":57,"column":3}},{"start":{},"end":{}}],"line":55},"13":{"loc":{"start":{"line":59,"column":2},"end":{"line":61,"column":3}},"type":"if","locations":[{"start":{"line":59,"column":2},"end":{"line":61,"column":3}},{"start":{},"end":{}}],"line":59},"14":{"loc":{"start":{"line":63,"column":2},"end":{"line":65,"column":3}},"type":"if","locations":[{"start":{"line":63,"column":2},"end":{"line":65,"column":3}},{"start":{},"end":{}}],"line":63},"15":{"loc":{"start":{"line":68,"column":4},"end":{"line":72,"column":5}},"type":"if","locations":[{"start":{"line":68,"column":4},"end":{"line":72,"column":5}},{"start":{"line":70,"column":11},"end":{"line":72,"column":5}}],"line":68},"16":{"loc":{"start":{"line":68,"column":8},"end":{"line":68,"column":32}},"type":"binary-expr","locations":[{"start":{"line":68,"column":8},"end":{"line":68,"column":18}},{"start":{"line":68,"column":22},"end":{"line":68,"column":32}}],"line":68},"17":{"loc":{"start":{"line":70,"column":11},"end":{"line":72,"column":5}},"type":"if","locations":[{"start":{"line":70,"column":11},"end":{"line":72,"column":5}},{"start":{},"end":{}}],"line":70}},"s":{"0":1,"1":1,"2":4,"3":2,"4":0,"5":0,"6":2,"7":2,"8":2,"9":2,"10":2,"11":12,"12":2,"13":0,"14":2,"15":2,"16":12,"17":1,"18":0,"19":1,"20":1,"21":12,"22":1,"23":0,"24":1,"25":1,"26":2,"27":0,"28":2,"29":1,"30":2,"31":1,"32":2,"33":0,"34":2,"35":6,"36":4,"37":2,"38":0,"39":2,"40":1},"f":{"0":4,"1":0,"2":2,"3":12,"4":6},"b":{"0":[2,2],"1":[0,0],"2":[2,10],"3":[12,10],"4":[0,2],"5":[1,11],"6":[12,11],"7":[0,1],"8":[1,11],"9":[12,11],"10":[0,1],"11":[0,2],"12":[1,1],"13":[1,1],"14":[0,2],"15":[4,2],"16":[6,4],"17":[0,2]},"_coverageSchema":"1a1c01bbd47fc00a2c39e90264f33305004495a9","hash":"bdfd0605cf0fb8cb814576eb03007f8d973eca36"}
,"/home/maksim/Ciphering-CLI-Tool/src/Encoder.js": {"path":"/home/maksim/Ciphering-CLI-Tool/src/Encoder.js","statementMap":{"0":{"start":{"line":1,"column":20},"end":{"line":28,"column":1}},"1":{"start":{"line":30,"column":20},"end":{"line":57,"column":1}},"2":{"start":{"line":61,"column":2},"end":{"line":61,"column":69}},"3":{"start":{"line":61,"column":29},"end":{"line":61,"column":69}},"4":{"start":{"line":62,"column":2},"end":{"line":62,"column":28}},"5":{"start":{"line":63,"column":10},"end":{"line":63,"column":12}},"6":{"start":{"line":64,"column":2},"end":{"line":74,"column":5}},"7":{"start":{"line":65,"column":4},"end":{"line":73,"column":22}},"8":{"start":{"line":67,"column":6},"end":{"line":67,"column":73}},"9":{"start":{"line":69,"column":9},"end":{"line":73,"column":22}},"10":{"start":{"line":70,"column":6},"end":{"line":70,"column":73}},"11":{"start":{"line":73,"column":4},"end":{"line":73,"column":22}},"12":{"start":{"line":75,"column":2},"end":{"line":75,"column":22}},"13":{"start":{"line":79,"column":2},"end":{"line":79,"column":69}},"14":{"start":{"line":79,"column":29},"end":{"line":79,"column":69}},"15":{"start":{"line":80,"column":2},"end":{"line":80,"column":28}},"16":{"start":{"line":81,"column":10},"end":{"line":81,"column":12}},"17":{"start":{"line":82,"column":2},"end":{"line":92,"column":5}},"18":{"start":{"line":83,"column":4},"end":{"line":91,"column":22}},"19":{"start":{"line":85,"column":6},"end":{"line":85,"column":77}},"20":{"start":{"line":87,"column":9},"end":{"line":91,"column":22}},"21":{"start":{"line":88,"column":6},"end":{"line":88,"column":77}},"22":{"start":{"line":91,"column":4},"end":{"line":91,"column":22}},"23":{"start":{"line":93,"column":2},"end":{"line":93,"column":22}},"24":{"start":{"line":97,"column":2},"end":{"line":97,"column":27}},"25":{"start":{"line":101,"column":2},"end":{"line":101,"column":27}},"26":{"start":{"line":105,"column":2},"end":{"line":105,"column":28}},"27":{"start":{"line":109,"column":2},"end":{"line":109,"column":28}},"28":{"start":{"line":112,"column":2},"end":{"line":112,"column":68}},"29":{"start":{"line":112,"column":28},"end":{"line":112,"column":68}},"30":{"start":{"line":113,"column":2},"end":{"line":113,"column":28}},"31":{"start":{"line":114,"column":30},"end":{"line":114,"column":61}},"32":{"start":{"line":115,"column":30},"end":{"line":115,"column":61}},"33":{"start":{"line":116,"column":10},"end":{"line":116,"column":12}},"34":{"start":{"line":117,"column":2},"end":{"line":128,"column":5}},"35":{"start":{"line":118,"column":4},"end":{"line":127,"column":22}},"36":{"start":{"line":120,"column":6},"end":{"line":120,"column":70}},"37":{"start":{"line":122,"column":4},"end":{"line":127,"column":22}},"38":{"start":{"line":124,"column":6},"end":{"line":124,"column":70}},"39":{"start":{"line":127,"column":4},"end":{"line":127,"column":22}},"40":{"start":{"line":129,"column":2},"end":{"line":129,"column":23}},"41":{"start":{"line":133,"column":0},"end":{"line":133,"column":68}}},"fnMap":{"0":{"name":"encrypt","decl":{"start":{"line":60,"column":9},"end":{"line":60,"column":16}},"loc":{"start":{"line":60,"column":30},"end":{"line":76,"column":1}},"line":60},"1":{"name":"(anonymous_1)","decl":{"start":{"line":64,"column":17},"end":{"line":64,"column":18}},"loc":{"start":{"line":64,"column":28},"end":{"line":74,"column":3}},"line":64},"2":{"name":"decrypt","decl":{"start":{"line":78,"column":9},"end":{"line":78,"column":16}},"loc":{"start":{"line":78,"column":30},"end":{"line":94,"column":1}},"line":78},"3":{"name":"(anonymous_3)","decl":{"start":{"line":82,"column":17},"end":{"line":82,"column":18}},"loc":{"start":{"line":82,"column":28},"end":{"line":92,"column":3}},"line":82},"4":{"name":"encryptC","decl":{"start":{"line":96,"column":9},"end":{"line":96,"column":17}},"loc":{"start":{"line":96,"column":25},"end":{"line":98,"column":1}},"line":96},"5":{"name":"decryptC","decl":{"start":{"line":100,"column":9},"end":{"line":100,"column":17}},"loc":{"start":{"line":100,"column":25},"end":{"line":102,"column":1}},"line":100},"6":{"name":"encryptR","decl":{"start":{"line":104,"column":9},"end":{"line":104,"column":17}},"loc":{"start":{"line":104,"column":25},"end":{"line":106,"column":1}},"line":104},"7":{"name":"decryptR","decl":{"start":{"line":108,"column":9},"end":{"line":108,"column":17}},"loc":{"start":{"line":108,"column":25},"end":{"line":110,"column":1}},"line":108},"8":{"name":"encryptA","decl":{"start":{"line":111,"column":9},"end":{"line":111,"column":17}},"loc":{"start":{"line":111,"column":25},"end":{"line":130,"column":1}},"line":111},"9":{"name":"(anonymous_9)","decl":{"start":{"line":117,"column":17},"end":{"line":117,"column":18}},"loc":{"start":{"line":117,"column":28},"end":{"line":128,"column":3}},"line":117}},"branchMap":{"0":{"loc":{"start":{"line":61,"column":2},"end":{"line":61,"column":69}},"type":"if","locations":[{"start":{"line":61,"column":2},"end":{"line":61,"column":69}},{"start":{},"end":{}}],"line":61},"1":{"loc":{"start":{"line":65,"column":4},"end":{"line":73,"column":22}},"type":"if","locations":[{"start":{"line":65,"column":4},"end":{"line":73,"column":22}},{"start":{"line":69,"column":9},"end":{"line":73,"column":22}}],"line":65},"2":{"loc":{"start":{"line":69,"column":9},"end":{"line":73,"column":22}},"type":"if","locations":[{"start":{"line":69,"column":9},"end":{"line":73,"column":22}},{"start":{"line":73,"column":4},"end":{"line":73,"column":22}}],"line":69},"3":{"loc":{"start":{"line":79,"column":2},"end":{"line":79,"column":69}},"type":"if","locations":[{"start":{"line":79,"column":2},"end":{"line":79,"column":69}},{"start":{},"end":{}}],"line":79},"4":{"loc":{"start":{"line":83,"column":4},"end":{"line":91,"column":22}},"type":"if","locations":[{"start":{"line":83,"column":4},"end":{"line":91,"column":22}},{"start":{"line":87,"column":9},"end":{"line":91,"column":22}}],"line":83},"5":{"loc":{"start":{"line":87,"column":9},"end":{"line":91,"column":22}},"type":"if","locations":[{"start":{"line":87,"column":9},"end":{"line":91,"column":22}},{"start":{"line":91,"column":4},"end":{"line":91,"column":22}}],"line":87},"6":{"loc":{"start":{"line":112,"column":2},"end":{"line":112,"column":68}},"type":"if","locations":[{"start":{"line":112,"column":2},"end":{"line":112,"column":68}},{"start":{},"end":{}}],"line":112},"7":{"loc":{"start":{"line":118,"column":4},"end":{"line":127,"column":22}},"type":"if","locations":[{"start":{"line":118,"column":4},"end":{"line":127,"column":22}},{"start":{"line":122,"column":4},"end":{"line":127,"column":22}}],"line":118},"8":{"loc":{"start":{"line":122,"column":4},"end":{"line":127,"column":22}},"type":"if","locations":[{"start":{"line":122,"column":4},"end":{"line":127,"column":22}},{"start":{"line":127,"column":4},"end":{"line":127,"column":22}}],"line":122}},"s":{"0":1,"1":1,"2":8,"3":0,"4":8,"5":8,"6":8,"7":202,"8":8,"9":194,"10":112,"11":82,"12":8,"13":2,"14":0,"15":2,"16":2,"17":2,"18":82,"19":4,"20":78,"21":56,"22":22,"23":2,"24":4,"25":1,"26":4,"27":1,"28":3,"29":0,"30":3,"31":3,"32":3,"33":3,"34":3,"35":60,"36":2,"37":58,"38":28,"39":30,"40":3,"41":1},"f":{"0":8,"1":202,"2":2,"3":82,"4":4,"5":1,"6":4,"7":1,"8":3,"9":60},"b":{"0":[0,8],"1":[8,194],"2":[112,82],"3":[0,2],"4":[4,78],"5":[56,22],"6":[0,3],"7":[2,58],"8":[28,30]},"_coverageSchema":"1a1c01bbd47fc00a2c39e90264f33305004495a9","hash":"1125ce8890cbdb26f0b2645057ab14710d53a60c"}
,"/home/maksim/Ciphering-CLI-Tool/src/Mystreams.js": {"path":"/home/maksim/Ciphering-CLI-Tool/src/Mystreams.js","statementMap":{"0":{"start":{"line":1,"column":42},"end":{"line":1,"column":59}},"1":{"start":{"line":2,"column":11},"end":{"line":2,"column":24}},"2":{"start":{"line":3,"column":61},"end":{"line":3,"column":86}},"3":{"start":{"line":10,"column":8},"end":{"line":10,"column":23}},"4":{"start":{"line":11,"column":8},"end":{"line":11,"column":33}},"5":{"start":{"line":12,"column":8},"end":{"line":12,"column":23}},"6":{"start":{"line":15,"column":8},"end":{"line":22,"column":11}},"7":{"start":{"line":16,"column":12},"end":{"line":21,"column":13}},"8":{"start":{"line":17,"column":16},"end":{"line":17,"column":30}},"9":{"start":{"line":19,"column":16},"end":{"line":19,"column":29}},"10":{"start":{"line":20,"column":16},"end":{"line":20,"column":27}},"11":{"start":{"line":25,"column":18},"end":{"line":25,"column":44}},"12":{"start":{"line":26,"column":8},"end":{"line":35,"column":11}},"13":{"start":{"line":27,"column":12},"end":{"line":34,"column":13}},"14":{"start":{"line":28,"column":16},"end":{"line":28,"column":34}},"15":{"start":{"line":30,"column":16},"end":{"line":32,"column":18}},"16":{"start":{"line":38,"column":8},"end":{"line":40,"column":9}},"17":{"start":{"line":39,"column":12},"end":{"line":39,"column":59}},"18":{"start":{"line":39,"column":38},"end":{"line":39,"column":57}},"19":{"start":{"line":46,"column":8},"end":{"line":46,"column":16}},"20":{"start":{"line":47,"column":8},"end":{"line":47,"column":33}},"21":{"start":{"line":50,"column":8},"end":{"line":57,"column":11}},"22":{"start":{"line":51,"column":12},"end":{"line":56,"column":13}},"23":{"start":{"line":52,"column":16},"end":{"line":52,"column":30}},"24":{"start":{"line":54,"column":16},"end":{"line":54,"column":29}},"25":{"start":{"line":55,"column":16},"end":{"line":55,"column":27}},"26":{"start":{"line":60,"column":8},"end":{"line":60,"column":43}},"27":{"start":{"line":63,"column":8},"end":{"line":67,"column":9}},"28":{"start":{"line":64,"column":12},"end":{"line":64,"column":59}},"29":{"start":{"line":64,"column":38},"end":{"line":64,"column":57}},"30":{"start":{"line":66,"column":12},"end":{"line":66,"column":26}},"31":{"start":{"line":73,"column":4},"end":{"line":75,"column":7}},"32":{"start":{"line":76,"column":4},"end":{"line":76,"column":19}},"33":{"start":{"line":77,"column":4},"end":{"line":77,"column":25}},"34":{"start":{"line":81,"column":4},"end":{"line":83,"column":5}},"35":{"start":{"line":82,"column":6},"end":{"line":82,"column":110}},"36":{"start":{"line":90,"column":4},"end":{"line":90,"column":19}},"37":{"start":{"line":91,"column":4},"end":{"line":91,"column":25}},"38":{"start":{"line":95,"column":4},"end":{"line":97,"column":5}},"39":{"start":{"line":96,"column":8},"end":{"line":96,"column":114}},"40":{"start":{"line":104,"column":4},"end":{"line":104,"column":19}},"41":{"start":{"line":105,"column":4},"end":{"line":105,"column":41}},"42":{"start":{"line":109,"column":4},"end":{"line":111,"column":5}},"43":{"start":{"line":110,"column":6},"end":{"line":110,"column":50}},"44":{"start":{"line":117,"column":17},"end":{"line":117,"column":77}},"45":{"start":{"line":118,"column":23},"end":{"line":118,"column":53}},"46":{"start":{"line":119,"column":23},"end":{"line":119,"column":53}},"47":{"start":{"line":120,"column":18},"end":{"line":120,"column":80}},"48":{"start":{"line":121,"column":4},"end":{"line":130,"column":5}},"49":{"start":{"line":128,"column":12},"end":{"line":128,"column":23}},"50":{"start":{"line":133,"column":0},"end":{"line":140,"column":2}}},"fnMap":{"0":{"name":"(anonymous_0)","decl":{"start":{"line":9,"column":4},"end":{"line":9,"column":5}},"loc":{"start":{"line":9,"column":40},"end":{"line":13,"column":5}},"line":9},"1":{"name":"(anonymous_1)","decl":{"start":{"line":14,"column":4},"end":{"line":14,"column":5}},"loc":{"start":{"line":14,"column":25},"end":{"line":23,"column":5}},"line":14},"2":{"name":"(anonymous_2)","decl":{"start":{"line":15,"column":36},"end":{"line":15,"column":37}},"loc":{"start":{"line":15,"column":49},"end":{"line":22,"column":9}},"line":15},"3":{"name":"(anonymous_3)","decl":{"start":{"line":24,"column":4},"end":{"line":24,"column":5}},"loc":{"start":{"line":24,"column":13},"end":{"line":36,"column":5}},"line":24},"4":{"name":"(anonymous_4)","decl":{"start":{"line":26,"column":42},"end":{"line":26,"column":43}},"loc":{"start":{"line":26,"column":62},"end":{"line":35,"column":9}},"line":26},"5":{"name":"(anonymous_5)","decl":{"start":{"line":37,"column":4},"end":{"line":37,"column":5}},"loc":{"start":{"line":37,"column":28},"end":{"line":41,"column":5}},"line":37},"6":{"name":"(anonymous_6)","decl":{"start":{"line":39,"column":30},"end":{"line":39,"column":31}},"loc":{"start":{"line":39,"column":38},"end":{"line":39,"column":57}},"line":39},"7":{"name":"(anonymous_7)","decl":{"start":{"line":45,"column":4},"end":{"line":45,"column":5}},"loc":{"start":{"line":45,"column":26},"end":{"line":48,"column":5}},"line":45},"8":{"name":"(anonymous_8)","decl":{"start":{"line":49,"column":4},"end":{"line":49,"column":5}},"loc":{"start":{"line":49,"column":25},"end":{"line":58,"column":5}},"line":49},"9":{"name":"(anonymous_9)","decl":{"start":{"line":50,"column":36},"end":{"line":50,"column":37}},"loc":{"start":{"line":50,"column":49},"end":{"line":57,"column":9}},"line":50},"10":{"name":"(anonymous_10)","decl":{"start":{"line":59,"column":4},"end":{"line":59,"column":5}},"loc":{"start":{"line":59,"column":38},"end":{"line":61,"column":5}},"line":59},"11":{"name":"(anonymous_11)","decl":{"start":{"line":62,"column":4},"end":{"line":62,"column":5}},"loc":{"start":{"line":62,"column":28},"end":{"line":68,"column":5}},"line":62},"12":{"name":"(anonymous_12)","decl":{"start":{"line":64,"column":30},"end":{"line":64,"column":31}},"loc":{"start":{"line":64,"column":38},"end":{"line":64,"column":57}},"line":64},"13":{"name":"(anonymous_13)","decl":{"start":{"line":72,"column":2},"end":{"line":72,"column":3}},"loc":{"start":{"line":72,"column":36},"end":{"line":78,"column":3}},"line":72},"14":{"name":"(anonymous_14)","decl":{"start":{"line":80,"column":2},"end":{"line":80,"column":3}},"loc":{"start":{"line":80,"column":30},"end":{"line":85,"column":3}},"line":80},"15":{"name":"(anonymous_15)","decl":{"start":{"line":89,"column":2},"end":{"line":89,"column":3}},"loc":{"start":{"line":89,"column":36},"end":{"line":92,"column":3}},"line":89},"16":{"name":"(anonymous_16)","decl":{"start":{"line":94,"column":2},"end":{"line":94,"column":3}},"loc":{"start":{"line":94,"column":30},"end":{"line":99,"column":3}},"line":94},"17":{"name":"(anonymous_17)","decl":{"start":{"line":103,"column":2},"end":{"line":103,"column":3}},"loc":{"start":{"line":103,"column":44},"end":{"line":106,"column":3}},"line":103},"18":{"name":"(anonymous_18)","decl":{"start":{"line":108,"column":2},"end":{"line":108,"column":3}},"loc":{"start":{"line":108,"column":30},"end":{"line":113,"column":3}},"line":108},"19":{"name":"MyStreamFunction","decl":{"start":{"line":116,"column":9},"end":{"line":116,"column":25}},"loc":{"start":{"line":116,"column":27},"end":{"line":131,"column":1}},"line":116},"20":{"name":"(anonymous_20)","decl":{"start":{"line":127,"column":8},"end":{"line":127,"column":9}},"loc":{"start":{"line":127,"column":21},"end":{"line":129,"column":9}},"line":127}},"branchMap":{"0":{"loc":{"start":{"line":9,"column":26},"end":{"line":9,"column":38}},"type":"default-arg","locations":[{"start":{"line":9,"column":36},"end":{"line":9,"column":38}}],"line":9},"1":{"loc":{"start":{"line":16,"column":12},"end":{"line":21,"column":13}},"type":"if","locations":[{"start":{"line":16,"column":12},"end":{"line":21,"column":13}},{"start":{"line":18,"column":19},"end":{"line":21,"column":13}}],"line":16},"2":{"loc":{"start":{"line":27,"column":12},"end":{"line":34,"column":13}},"type":"if","locations":[{"start":{"line":27,"column":12},"end":{"line":34,"column":13}},{"start":{"line":29,"column":19},"end":{"line":34,"column":13}}],"line":27},"3":{"loc":{"start":{"line":31,"column":20},"end":{"line":31,"column":66}},"type":"cond-expr","locations":[{"start":{"line":31,"column":36},"end":{"line":31,"column":59}},{"start":{"line":31,"column":62},"end":{"line":31,"column":66}}],"line":31},"4":{"loc":{"start":{"line":38,"column":8},"end":{"line":40,"column":9}},"type":"if","locations":[{"start":{"line":38,"column":8},"end":{"line":40,"column":9}},{"start":{},"end":{}}],"line":38},"5":{"loc":{"start":{"line":39,"column":47},"end":{"line":39,"column":56}},"type":"binary-expr","locations":[{"start":{"line":39,"column":47},"end":{"line":39,"column":49}},{"start":{"line":39,"column":53},"end":{"line":39,"column":56}}],"line":39},"6":{"loc":{"start":{"line":51,"column":12},"end":{"line":56,"column":13}},"type":"if","locations":[{"start":{"line":51,"column":12},"end":{"line":56,"column":13}},{"start":{"line":53,"column":19},"end":{"line":56,"column":13}}],"line":51},"7":{"loc":{"start":{"line":63,"column":8},"end":{"line":67,"column":9}},"type":"if","locations":[{"start":{"line":63,"column":8},"end":{"line":67,"column":9}},{"start":{"line":65,"column":15},"end":{"line":67,"column":9}}],"line":63},"8":{"loc":{"start":{"line":64,"column":47},"end":{"line":64,"column":56}},"type":"binary-expr","locations":[{"start":{"line":64,"column":47},"end":{"line":64,"column":49}},{"start":{"line":64,"column":53},"end":{"line":64,"column":56}}],"line":64},"9":{"loc":{"start":{"line":72,"column":22},"end":{"line":72,"column":34}},"type":"default-arg","locations":[{"start":{"line":72,"column":32},"end":{"line":72,"column":34}}],"line":72},"10":{"loc":{"start":{"line":81,"column":4},"end":{"line":83,"column":5}},"type":"if","locations":[{"start":{"line":81,"column":4},"end":{"line":83,"column":5}},{"start":{},"end":{}}],"line":81},"11":{"loc":{"start":{"line":82,"column":6},"end":{"line":82,"column":109}},"type":"cond-expr","locations":[{"start":{"line":82,"column":20},"end":{"line":82,"column":63}},{"start":{"line":82,"column":66},"end":{"line":82,"column":109}}],"line":82},"12":{"loc":{"start":{"line":89,"column":22},"end":{"line":89,"column":34}},"type":"default-arg","locations":[{"start":{"line":89,"column":32},"end":{"line":89,"column":34}}],"line":89},"13":{"loc":{"start":{"line":95,"column":4},"end":{"line":97,"column":5}},"type":"if","locations":[{"start":{"line":95,"column":4},"end":{"line":97,"column":5}},{"start":{},"end":{}}],"line":95},"14":{"loc":{"start":{"line":96,"column":8},"end":{"line":96,"column":113}},"type":"cond-expr","locations":[{"start":{"line":96,"column":22},"end":{"line":96,"column":66}},{"start":{"line":96,"column":69},"end":{"line":96,"column":113}}],"line":96},"15":{"loc":{"start":{"line":103,"column":30},"end":{"line":103,"column":42}},"type":"default-arg","locations":[{"start":{"line":103,"column":40},"end":{"line":103,"column":42}}],"line":103},"16":{"loc":{"start":{"line":109,"column":4},"end":{"line":111,"column":5}},"type":"if","locations":[{"start":{"line":109,"column":4},"end":{"line":111,"column":5}},{"start":{},"end":{}}],"line":109}},"s":{"0":1,"1":1,"2":1,"3":1,"4":1,"5":1,"6":0,"7":0,"8":0,"9":0,"10":0,"11":0,"12":0,"13":0,"14":0,"15":0,"16":0,"17":0,"18":0,"19":1,"20":1,"21":0,"22":0,"23":0,"24":0,"25":0,"26":0,"27":0,"28":0,"29":0,"30":0,"31":1,"32":1,"33":1,"34":0,"35":0,"36":1,"37":1,"38":0,"39":0,"40":0,"41":0,"42":0,"43":0,"44":0,"45":0,"46":0,"47":0,"48":0,"49":0,"50":1},"f":{"0":1,"1":0,"2":0,"3":0,"4":0,"5":0,"6":0,"7":1,"8":0,"9":0,"10":0,"11":0,"12":0,"13":1,"14":0,"15":1,"16":0,"17":0,"18":0,"19":0,"20":0},"b":{"0":[1],"1":[0,0],"2":[0,0],"3":[0,0],"4":[0,0],"5":[0,0],"6":[0,0],"7":[0,0],"8":[0,0],"9":[1],"10":[0,0],"11":[0,0],"12":[1],"13":[0,0],"14":[0,0],"15":[0],"16":[0,0]},"_coverageSchema":"1a1c01bbd47fc00a2c39e90264f33305004495a9","hash":"68d5c6001c69bc6e9f2bc0312007e5567a7c8636"}
,"/home/maksim/Ciphering-CLI-Tool/src/parseCipher.js": {"path":"/home/maksim/Ciphering-CLI-Tool/src/parseCipher.js","statementMap":{"0":{"start":{"line":1,"column":21},"end":{"line":1,"column":38}},"1":{"start":{"line":2,"column":19},"end":{"line":2,"column":48}},"2":{"start":{"line":3,"column":25},"end":{"line":3,"column":45}},"3":{"start":{"line":11,"column":4},"end":{"line":11,"column":26}},"4":{"start":{"line":14,"column":15},"end":{"line":14,"column":17}},"5":{"start":{"line":17,"column":17},"end":{"line":17,"column":19}},"6":{"start":{"line":18,"column":2},"end":{"line":27,"column":5}},"7":{"start":{"line":19,"column":4},"end":{"line":26,"column":5}},"8":{"start":{"line":20,"column":6},"end":{"line":20,"column":56}},"9":{"start":{"line":21,"column":6},"end":{"line":23,"column":50}},"10":{"start":{"line":25,"column":8},"end":{"line":25,"column":42}},"11":{"start":{"line":28,"column":2},"end":{"line":28,"column":18}},"12":{"start":{"line":32,"column":12},"end":{"line":32,"column":14}},"13":{"start":{"line":33,"column":2},"end":{"line":45,"column":5}},"14":{"start":{"line":34,"column":4},"end":{"line":36,"column":5}},"15":{"start":{"line":35,"column":6},"end":{"line":35,"column":30}},"16":{"start":{"line":37,"column":4},"end":{"line":40,"column":5}},"17":{"start":{"line":38,"column":6},"end":{"line":38,"column":31}},"18":{"start":{"line":41,"column":4},"end":{"line":44,"column":5}},"19":{"start":{"line":42,"column":6},"end":{"line":42,"column":32}},"20":{"start":{"line":46,"column":0},"end":{"line":46,"column":11}},"21":{"start":{"line":50,"column":2},"end":{"line":50,"column":37}},"22":{"start":{"line":54,"column":0},"end":{"line":54,"column":60}}},"fnMap":{"0":{"name":"parseCommands","decl":{"start":{"line":16,"column":9},"end":{"line":16,"column":22}},"loc":{"start":{"line":16,"column":36},"end":{"line":29,"column":1}},"line":16},"1":{"name":"(anonymous_1)","decl":{"start":{"line":18,"column":22},"end":{"line":18,"column":23}},"loc":{"start":{"line":18,"column":30},"end":{"line":27,"column":3}},"line":18},"2":{"name":"parseMap","decl":{"start":{"line":31,"column":9},"end":{"line":31,"column":17}},"loc":{"start":{"line":31,"column":23},"end":{"line":47,"column":1}},"line":31},"3":{"name":"(anonymous_3)","decl":{"start":{"line":33,"column":14},"end":{"line":33,"column":15}},"loc":{"start":{"line":33,"column":30},"end":{"line":45,"column":3}},"line":33},"4":{"name":"getConfigObject","decl":{"start":{"line":49,"column":9},"end":{"line":49,"column":24}},"loc":{"start":{"line":49,"column":30},"end":{"line":51,"column":1}},"line":49}},"branchMap":{"0":{"loc":{"start":{"line":19,"column":4},"end":{"line":26,"column":5}},"type":"if","locations":[{"start":{"line":19,"column":4},"end":{"line":26,"column":5}},{"start":{"line":24,"column":11},"end":{"line":26,"column":5}}],"line":19},"1":{"loc":{"start":{"line":20,"column":6},"end":{"line":20,"column":55}},"type":"cond-expr","locations":[{"start":{"line":20,"column":22},"end":{"line":20,"column":35}},{"start":{"line":20,"column":40},"end":{"line":20,"column":54}}],"line":20},"2":{"loc":{"start":{"line":21,"column":6},"end":{"line":23,"column":49}},"type":"cond-expr","locations":[{"start":{"line":22,"column":10},"end":{"line":22,"column":49}},{"start":{"line":23,"column":10},"end":{"line":23,"column":49}}],"line":21},"3":{"loc":{"start":{"line":34,"column":4},"end":{"line":36,"column":5}},"type":"if","locations":[{"start":{"line":34,"column":4},"end":{"line":36,"column":5}},{"start":{},"end":{}}],"line":34},"4":{"loc":{"start":{"line":37,"column":4},"end":{"line":40,"column":5}},"type":"if","locations":[{"start":{"line":37,"column":4},"end":{"line":40,"column":5}},{"start":{},"end":{}}],"line":37},"5":{"loc":{"start":{"line":41,"column":4},"end":{"line":44,"column":5}},"type":"if","locations":[{"start":{"line":41,"column":4},"end":{"line":44,"column":5}},{"start":{},"end":{}}],"line":41}},"s":{"0":1,"1":1,"2":1,"3":1,"4":1,"5":0,"6":0,"7":0,"8":0,"9":0,"10":0,"11":0,"12":2,"13":2,"14":6,"15":2,"16":6,"17":2,"18":6,"19":2,"20":2,"21":2,"22":1},"f":{"0":0,"1":0,"2":2,"3":6,"4":2},"b":{"0":[0,0],"1":[0,0],"2":[0,0],"3":[2,4],"4":[2,4],"5":[2,4]},"_coverageSchema":"1a1c01bbd47fc00a2c39e90264f33305004495a9","hash":"fe8d62bc1b23674b10dd4b81aa9312d05a764a1c"}
}
