{"/home/maksim/Ciphering-CLI-Tool/src/CmdLine.js": {"path":"/home/maksim/Ciphering-CLI-Tool/src/CmdLine.js","statementMap":{"0":{"start":{"line":1,"column":13},"end":{"line":1,"column":28}},"1":{"start":{"line":2,"column":11},"end":{"line":2,"column":24}},"2":{"start":{"line":5,"column":2},"end":{"line":13,"column":3}},"3":{"start":{"line":6,"column":4},"end":{"line":10,"column":7}},"4":{"start":{"line":7,"column":6},"end":{"line":9,"column":7}},"5":{"start":{"line":8,"column":8},"end":{"line":8,"column":38}},"6":{"start":{"line":12,"column":4},"end":{"line":12,"column":32}},"7":{"start":{"line":17,"column":12},"end":{"line":17,"column":21}},"8":{"start":{"line":18,"column":14},"end":{"line":18,"column":15}},"9":{"start":{"line":19,"column":17},"end":{"line":19,"column":61}},"10":{"start":{"line":21,"column":2},"end":{"line":48,"column":5}},"11":{"start":{"line":22,"column":4},"end":{"line":29,"column":5}},"12":{"start":{"line":23,"column":6},"end":{"line":28,"column":7}},"13":{"start":{"line":24,"column":8},"end":{"line":24,"column":67}},"14":{"start":{"line":26,"column":8},"end":{"line":26,"column":64}},"15":{"start":{"line":27,"column":8},"end":{"line":27,"column":16}},"16":{"start":{"line":31,"column":4},"end":{"line":38,"column":5}},"17":{"start":{"line":32,"column":6},"end":{"line":37,"column":7}},"18":{"start":{"line":33,"column":8},"end":{"line":33,"column":67}},"19":{"start":{"line":35,"column":8},"end":{"line":35,"column":38}},"20":{"start":{"line":36,"column":8},"end":{"line":36,"column":16}},"21":{"start":{"line":40,"column":4},"end":{"line":47,"column":5}},"22":{"start":{"line":41,"column":6},"end":{"line":46,"column":7}},"23":{"start":{"line":42,"column":8},"end":{"line":42,"column":67}},"24":{"start":{"line":44,"column":8},"end":{"line":44,"column":38}},"25":{"start":{"line":45,"column":8},"end":{"line":45,"column":16}},"26":{"start":{"line":51,"column":2},"end":{"line":53,"column":3}},"27":{"start":{"line":52,"column":4},"end":{"line":52,"column":40}},"28":{"start":{"line":55,"column":2},"end":{"line":57,"column":3}},"29":{"start":{"line":56,"column":4},"end":{"line":56,"column":52}},"30":{"start":{"line":59,"column":2},"end":{"line":61,"column":3}},"31":{"start":{"line":60,"column":4},"end":{"line":60,"column":52}},"32":{"start":{"line":63,"column":2},"end":{"line":65,"column":3}},"33":{"start":{"line":64,"column":4},"end":{"line":64,"column":34}},"34":{"start":{"line":67,"column":2},"end":{"line":73,"column":5}},"35":{"start":{"line":68,"column":4},"end":{"line":72,"column":5}},"36":{"start":{"line":69,"column":6},"end":{"line":69,"column":37}},"37":{"start":{"line":70,"column":11},"end":{"line":72,"column":5}},"38":{"start":{"line":71,"column":6},"end":{"line":71,"column":38}},"39":{"start":{"line":75,"column":2},"end":{"line":75,"column":13}},"40":{"start":{"line":78,"column":0},"end":{"line":80,"column":2}}},"fnMap":{"0":{"name":"checkFile","decl":{"start":{"line":4,"column":9},"end":{"line":4,"column":18}},"loc":{"start":{"line":4,"column":25},"end":{"line":14,"column":1}},"line":4},"1":{"name":"(anonymous_1)","decl":{"start":{"line":6,"column":18},"end":{"line":6,"column":19}},"loc":{"start":{"line":6,"column":34},"end":{"line":10,"column":5}},"line":6},"2":{"name":"parseConsole","decl":{"start":{"line":16,"column":9},"end":{"line":16,"column":21}},"loc":{"start":{"line":16,"column":28},"end":{"line":76,"column":1}},"line":16},"3":{"name":"(anonymous_3)","decl":{"start":{"line":21,"column":15},"end":{"line":21,"column":16}},"loc":{"start":{"line":21,"column":30},"end":{"line":48,"column":3}},"line":21},"4":{"name":"(anonymous_4)","decl":{"start":{"line":67,"column":14},"end":{"line":67,"column":15}},"loc":{"start":{"line":67,"column":30},"end":{"line":73,"column":3}},"line":67}},"branchMap":{"0":{"loc":{"start":{"line":5,"column":2},"end":{"line":13,"column":3}},"type":"if","locations":[{"start":{"line":5,"column":2},"end":{"line":13,"column":3}},{"start":{"line":11,"column":9},"end":{"line":13,"column":3}}],"line":5},"1":{"loc":{"start":{"line":7,"column":6},"end":{"line":9,"column":7}},"type":"if","locations":[{"start":{"line":7,"column":6},"end":{"line":9,"column":7}},{"start":{},"end":{}}],"line":7},"2":{"loc":{"start":{"line":22,"column":4},"end":{"line":29,"column":5}},"type":"if","locations":[{"start":{"line":22,"column":4},"end":{"line":29,"column":5}},{"start":{},"end":{}}],"line":22},"3":{"loc":{"start":{"line":22,"column":8},"end":{"line":22,"column":38}},"type":"binary-expr","locations":[{"start":{"line":22,"column":8},"end":{"line":22,"column":18}},{"start":{"line":22,"column":22},"end":{"line":22,"column":38}}],"line":22},"4":{"loc":{"start":{"line":23,"column":6},"end":{"line":28,"column":7}},"type":"if","locations":[{"start":{"line":23,"column":6},"end":{"line":28,"column":7}},{"start":{"line":25,"column":13},"end":{"line":28,"column":7}}],"line":23},"5":{"loc":{"start":{"line":31,"column":4},"end":{"line":38,"column":5}},"type":"if","locations":[{"start":{"line":31,"column":4},"end":{"line":38,"column":5}},{"start":{},"end":{}}],"line":31},"6":{"loc":{"start":{"line":31,"column":8},"end":{"line":31,"column":37}},"type":"binary-expr","locations":[{"start":{"line":31,"column":8},"end":{"line":31,"column":18}},{"start":{"line":31,"column":22},"end":{"line":31,"column":37}}],"line":31},"7":{"loc":{"start":{"line":32,"column":6},"end":{"line":37,"column":7}},"type":"if","locations":[{"start":{"line":32,"column":6},"end":{"line":37,"column":7}},{"start":{"line":34,"column":13},"end":{"line":37,"column":7}}],"line":32},"8":{"loc":{"start":{"line":40,"column":4},"end":{"line":47,"column":5}},"type":"if","locations":[{"start":{"line":40,"column":4},"end":{"line":47,"column":5}},{"start":{},"end":{}}],"line":40},"9":{"loc":{"start":{"line":40,"column":8},"end":{"line":40,"column":40}},"type":"binary-expr","locations":[{"start":{"line":40,"column":8},"end":{"line":40,"column":19}},{"start":{"line":40,"column":23},"end":{"line":40,"column":40}}],"line":40},"10":{"loc":{"start":{"line":41,"column":6},"end":{"line":46,"column":7}},"type":"if","locations":[{"start":{"line":41,"column":6},"end":{"line":46,"column":7}},{"start":{"line":43,"column":13},"end":{"line":46,"column":7}}],"line":41},"11":{"loc":{"start":{"line":51,"column":2},"end":{"line":53,"column":3}},"type":"if","locations":[{"start":{"line":51,"column":2},"end":{"line":53,"column":3}},{"start":{},"end":{}}],"line":51},"12":{"loc":{"start":{"line":55,"column":2},"end":{"line":57,"column":3}},"type":"if","locations":[{"start":{"line":55,"column":2},"end":{"line":57,"column":3}},{"start":{},"end":{}}],"line":55},"13":{"loc":{"start":{"line":59,"column":2},"end":{"line":61,"column":3}},"type":"if","locations":[{"start":{"line":59,"column":2},"end":{"line":61,"column":3}},{"start":{},"end":{}}],"line":59},"14":{"loc":{"start":{"line":63,"column":2},"end":{"line":65,"column":3}},"type":"if","locations":[{"start":{"line":63,"column":2},"end":{"line":65,"column":3}},{"start":{},"end":{}}],"line":63},"15":{"loc":{"start":{"line":68,"column":4},"end":{"line":72,"column":5}},"type":"if","locations":[{"start":{"line":68,"column":4},"end":{"line":72,"column":5}},{"start":{"line":70,"column":11},"end":{"line":72,"column":5}}],"line":68},"16":{"loc":{"start":{"line":68,"column":8},"end":{"line":68,"column":32}},"type":"binary-expr","locations":[{"start":{"line":68,"column":8},"end":{"line":68,"column":18}},{"start":{"line":68,"column":22},"end":{"line":68,"column":32}}],"line":68},"17":{"loc":{"start":{"line":70,"column":11},"end":{"line":72,"column":5}},"type":"if","locations":[{"start":{"line":70,"column":11},"end":{"line":72,"column":5}},{"start":{},"end":{}}],"line":70}},"s":{"0":1,"1":1,"2":4,"3":2,"4":0,"5":0,"6":2,"7":2,"8":2,"9":2,"10":2,"11":12,"12":2,"13":0,"14":2,"15":2,"16":12,"17":1,"18":0,"19":1,"20":1,"21":12,"22":1,"23":0,"24":1,"25":1,"26":2,"27":0,"28":2,"29":1,"30":2,"31":1,"32":2,"33":0,"34":2,"35":6,"36":4,"37":2,"38":0,"39":2,"40":1},"f":{"0":4,"1":0,"2":2,"3":12,"4":6},"b":{"0":[2,2],"1":[0,0],"2":[2,10],"3":[12,10],"4":[0,2],"5":[1,11],"6":[12,11],"7":[0,1],"8":[1,11],"9":[12,11],"10":[0,1],"11":[0,2],"12":[1,1],"13":[1,1],"14":[0,2],"15":[4,2],"16":[6,4],"17":[0,2]},"_coverageSchema":"1a1c01bbd47fc00a2c39e90264f33305004495a9","hash":"bdfd0605cf0fb8cb814576eb03007f8d973eca36"}
,"/home/maksim/Ciphering-CLI-Tool/src/Encoder.js": {"path":"/home/maksim/Ciphering-CLI-Tool/src/Encoder.js","statementMap":{"0":{"start":{"line":1,"column":20},"end":{"line":28,"column":1}},"1":{"start":{"line":30,"column":20},"end":{"line":57,"column":1}},"2":{"start":{"line":61,"column":2},"end":{"line":61,"column":69}},"3":{"start":{"line":61,"column":29},"end":{"line":61,"column":69}},"4":{"start":{"line":62,"column":2},"end":{"line":62,"column":28}},"5":{"start":{"line":63,"column":10},"end":{"line":63,"column":12}},"6":{"start":{"line":64,"column":2},"end":{"line":74,"column":5}},"7":{"start":{"line":65,"column":4},"end":{"line":73,"column":22}},"8":{"start":{"line":67,"column":6},"end":{"line":67,"column":73}},"9":{"start":{"line":69,"column":9},"end":{"line":73,"column":22}},"10":{"start":{"line":70,"column":6},"end":{"line":70,"column":73}},"11":{"start":{"line":73,"column":4},"end":{"line":73,"column":22}},"12":{"start":{"line":75,"column":2},"end":{"line":75,"column":22}},"13":{"start":{"line":79,"column":2},"end":{"line":79,"column":69}},"14":{"start":{"line":79,"column":29},"end":{"line":79,"column":69}},"15":{"start":{"line":80,"column":2},"end":{"line":80,"column":28}},"16":{"start":{"line":81,"column":10},"end":{"line":81,"column":12}},"17":{"start":{"line":82,"column":2},"end":{"line":92,"column":5}},"18":{"start":{"line":83,"column":4},"end":{"line":91,"column":22}},"19":{"start":{"line":85,"column":6},"end":{"line":85,"column":77}},"20":{"start":{"line":87,"column":9},"end":{"line":91,"column":22}},"21":{"start":{"line":88,"column":6},"end":{"line":88,"column":77}},"22":{"start":{"line":91,"column":4},"end":{"line":91,"column":22}},"23":{"start":{"line":93,"column":2},"end":{"line":93,"column":22}},"24":{"start":{"line":97,"column":2},"end":{"line":97,"column":27}},"25":{"start":{"line":101,"column":2},"end":{"line":101,"column":27}},"26":{"start":{"line":105,"column":2},"end":{"line":105,"column":28}},"27":{"start":{"line":109,"column":2},"end":{"line":109,"column":28}},"28":{"start":{"line":112,"column":2},"end":{"line":112,"column":68}},"29":{"start":{"line":112,"column":28},"end":{"line":112,"column":68}},"30":{"start":{"line":113,"column":2},"end":{"line":113,"column":28}},"31":{"start":{"line":114,"column":30},"end":{"line":114,"column":61}},"32":{"start":{"line":115,"column":30},"end":{"line":115,"column":61}},"33":{"start":{"line":116,"column":10},"end":{"line":116,"column":12}},"34":{"start":{"line":117,"column":2},"end":{"line":128,"column":5}},"35":{"start":{"line":118,"column":4},"end":{"line":127,"column":22}},"36":{"start":{"line":120,"column":6},"end":{"line":120,"column":70}},"37":{"start":{"line":122,"column":4},"end":{"line":127,"column":22}},"38":{"start":{"line":124,"column":6},"end":{"line":124,"column":70}},"39":{"start":{"line":127,"column":4},"end":{"line":127,"column":22}},"40":{"start":{"line":129,"column":2},"end":{"line":129,"column":23}},"41":{"start":{"line":133,"column":0},"end":{"line":133,"column":68}}},"fnMap":{"0":{"name":"encrypt","decl":{"start":{"line":60,"column":9},"end":{"line":60,"column":16}},"loc":{"start":{"line":60,"column":30},"end":{"line":76,"column":1}},"line":60},"1":{"name":"(anonymous_1)","decl":{"start":{"line":64,"column":17},"end":{"line":64,"column":18}},"loc":{"start":{"line":64,"column":28},"end":{"line":74,"column":3}},"line":64},"2":{"name":"decrypt","decl":{"start":{"line":78,"column":9},"end":{"line":78,"column":16}},"loc":{"start":{"line":78,"column":30},"end":{"line":94,"column":1}},"line":78},"3":{"name":"(anonymous_3)","decl":{"start":{"line":82,"column":17},"end":{"line":82,"column":18}},"loc":{"start":{"line":82,"column":28},"end":{"line":92,"column":3}},"line":82},"4":{"name":"encryptC","decl":{"start":{"line":96,"column":9},"end":{"line":96,"column":17}},"loc":{"start":{"line":96,"column":25},"end":{"line":98,"column":1}},"line":96},"5":{"name":"decryptC","decl":{"start":{"line":100,"column":9},"end":{"line":100,"column":17}},"loc":{"start":{"line":100,"column":25},"end":{"line":102,"column":1}},"line":100},"6":{"name":"encryptR","decl":{"start":{"line":104,"column":9},"end":{"line":104,"column":17}},"loc":{"start":{"line":104,"column":25},"end":{"line":106,"column":1}},"line":104},"7":{"name":"decryptR","decl":{"start":{"line":108,"column":9},"end":{"line":108,"column":17}},"loc":{"start":{"line":108,"column":25},"end":{"line":110,"column":1}},"line":108},"8":{"name":"encryptA","decl":{"start":{"line":111,"column":9},"end":{"line":111,"column":17}},"loc":{"start":{"line":111,"column":25},"end":{"line":130,"column":1}},"line":111},"9":{"name":"(anonymous_9)","decl":{"start":{"line":117,"column":17},"end":{"line":117,"column":18}},"loc":{"start":{"line":117,"column":28},"end":{"line":128,"column":3}},"line":117}},"branchMap":{"0":{"loc":{"start":{"line":61,"column":2},"end":{"line":61,"column":69}},"type":"if","locations":[{"start":{"line":61,"column":2},"end":{"line":61,"column":69}},{"start":{},"end":{}}],"line":61},"1":{"loc":{"start":{"line":65,"column":4},"end":{"line":73,"column":22}},"type":"if","locations":[{"start":{"line":65,"column":4},"end":{"line":73,"column":22}},{"start":{"line":69,"column":9},"end":{"line":73,"column":22}}],"line":65},"2":{"loc":{"start":{"line":69,"column":9},"end":{"line":73,"column":22}},"type":"if","locations":[{"start":{"line":69,"column":9},"end":{"line":73,"column":22}},{"start":{"line":73,"column":4},"end":{"line":73,"column":22}}],"line":69},"3":{"loc":{"start":{"line":79,"column":2},"end":{"line":79,"column":69}},"type":"if","locations":[{"start":{"line":79,"column":2},"end":{"line":79,"column":69}},{"start":{},"end":{}}],"line":79},"4":{"loc":{"start":{"line":83,"column":4},"end":{"line":91,"column":22}},"type":"if","locations":[{"start":{"line":83,"column":4},"end":{"line":91,"column":22}},{"start":{"line":87,"column":9},"end":{"line":91,"column":22}}],"line":83},"5":{"loc":{"start":{"line":87,"column":9},"end":{"line":91,"column":22}},"type":"if","locations":[{"start":{"line":87,"column":9},"end":{"line":91,"column":22}},{"start":{"line":91,"column":4},"end":{"line":91,"column":22}}],"line":87},"6":{"loc":{"start":{"line":112,"column":2},"end":{"line":112,"column":68}},"type":"if","locations":[{"start":{"line":112,"column":2},"end":{"line":112,"column":68}},{"start":{},"end":{}}],"line":112},"7":{"loc":{"start":{"line":118,"column":4},"end":{"line":127,"column":22}},"type":"if","locations":[{"start":{"line":118,"column":4},"end":{"line":127,"column":22}},{"start":{"line":122,"column":4},"end":{"line":127,"column":22}}],"line":118},"8":{"loc":{"start":{"line":122,"column":4},"end":{"line":127,"column":22}},"type":"if","locations":[{"start":{"line":122,"column":4},"end":{"line":127,"column":22}},{"start":{"line":127,"column":4},"end":{"line":127,"column":22}}],"line":122}},"s":{"0":1,"1":1,"2":8,"3":0,"4":8,"5":8,"6":8,"7":202,"8":8,"9":194,"10":112,"11":82,"12":8,"13":2,"14":0,"15":2,"16":2,"17":2,"18":82,"19":4,"20":78,"21":56,"22":22,"23":2,"24":4,"25":1,"26":4,"27":1,"28":3,"29":0,"30":3,"31":3,"32":3,"33":3,"34":3,"35":60,"36":2,"37":58,"38":28,"39":30,"40":3,"41":1},"f":{"0":8,"1":202,"2":2,"3":82,"4":4,"5":1,"6":4,"7":1,"8":3,"9":60},"b":{"0":[0,8],"1":[8,194],"2":[112,82],"3":[0,2],"4":[4,78],"5":[56,22],"6":[0,3],"7":[2,58],"8":[28,30]},"_coverageSchema":"1a1c01bbd47fc00a2c39e90264f33305004495a9","hash":"1125ce8890cbdb26f0b2645057ab14710d53a60c"}
,"/home/maksim/Ciphering-CLI-Tool/src/parseCipher.js": {"path":"/home/maksim/Ciphering-CLI-Tool/src/parseCipher.js","statementMap":{"0":{"start":{"line":1,"column":25},"end":{"line":1,"column":45}},"1":{"start":{"line":5,"column":12},"end":{"line":5,"column":14}},"2":{"start":{"line":6,"column":2},"end":{"line":18,"column":5}},"3":{"start":{"line":7,"column":4},"end":{"line":9,"column":5}},"4":{"start":{"line":8,"column":6},"end":{"line":8,"column":30}},"5":{"start":{"line":10,"column":4},"end":{"line":13,"column":5}},"6":{"start":{"line":11,"column":6},"end":{"line":11,"column":31}},"7":{"start":{"line":14,"column":4},"end":{"line":17,"column":5}},"8":{"start":{"line":15,"column":6},"end":{"line":15,"column":32}},"9":{"start":{"line":19,"column":0},"end":{"line":19,"column":11}},"10":{"start":{"line":23,"column":2},"end":{"line":23,"column":37}},"11":{"start":{"line":27,"column":0},"end":{"line":27,"column":46}}},"fnMap":{"0":{"name":"parseMap","decl":{"start":{"line":4,"column":9},"end":{"line":4,"column":17}},"loc":{"start":{"line":4,"column":23},"end":{"line":20,"column":1}},"line":4},"1":{"name":"(anonymous_1)","decl":{"start":{"line":6,"column":14},"end":{"line":6,"column":15}},"loc":{"start":{"line":6,"column":30},"end":{"line":18,"column":3}},"line":6},"2":{"name":"getConfigObject","decl":{"start":{"line":22,"column":9},"end":{"line":22,"column":24}},"loc":{"start":{"line":22,"column":30},"end":{"line":24,"column":1}},"line":22}},"branchMap":{"0":{"loc":{"start":{"line":7,"column":4},"end":{"line":9,"column":5}},"type":"if","locations":[{"start":{"line":7,"column":4},"end":{"line":9,"column":5}},{"start":{},"end":{}}],"line":7},"1":{"loc":{"start":{"line":10,"column":4},"end":{"line":13,"column":5}},"type":"if","locations":[{"start":{"line":10,"column":4},"end":{"line":13,"column":5}},{"start":{},"end":{}}],"line":10},"2":{"loc":{"start":{"line":14,"column":4},"end":{"line":17,"column":5}},"type":"if","locations":[{"start":{"line":14,"column":4},"end":{"line":17,"column":5}},{"start":{},"end":{}}],"line":14}},"s":{"0":1,"1":2,"2":2,"3":6,"4":2,"5":6,"6":2,"7":6,"8":2,"9":2,"10":2,"11":1},"f":{"0":2,"1":6,"2":2},"b":{"0":[2,4],"1":[2,4],"2":[2,4]},"_coverageSchema":"1a1c01bbd47fc00a2c39e90264f33305004495a9","hash":"45ab843f3b5d227c2cb25d24c1f336ec2a7ee730"}
}
