TN:
SF:src/CmdLine.js
FN:4,checkFile
FN:6,(anonymous_1)
FN:16,parseConsole
FN:21,(anonymous_3)
FN:67,(anonymous_4)
FNF:5
FNH:4
FNDA:4,checkFile
FNDA:0,(anonymous_1)
FNDA:2,parseConsole
FNDA:12,(anonymous_3)
FNDA:6,(anonymous_4)
DA:1,1
DA:2,1
DA:5,4
DA:6,2
DA:7,0
DA:8,0
DA:12,2
DA:17,2
DA:18,2
DA:19,2
DA:21,2
DA:22,12
DA:23,2
DA:24,0
DA:26,2
DA:27,2
DA:31,12
DA:32,1
DA:33,0
DA:35,1
DA:36,1
DA:40,12
DA:41,1
DA:42,0
DA:44,1
DA:45,1
DA:51,2
DA:52,0
DA:55,2
DA:56,1
DA:59,2
DA:60,1
DA:63,2
DA:64,0
DA:67,2
DA:68,6
DA:69,4
DA:70,2
DA:71,0
DA:75,2
DA:78,1
LF:41
LH:33
BRDA:5,0,0,2
BRDA:5,0,1,2
BRDA:7,1,0,0
BRDA:7,1,1,0
BRDA:22,2,0,2
BRDA:22,2,1,10
BRDA:22,3,0,12
BRDA:22,3,1,10
BRDA:23,4,0,0
BRDA:23,4,1,2
BRDA:31,5,0,1
BRDA:31,5,1,11
BRDA:31,6,0,12
BRDA:31,6,1,11
BRDA:32,7,0,0
BRDA:32,7,1,1
BRDA:40,8,0,1
BRDA:40,8,1,11
BRDA:40,9,0,12
BRDA:40,9,1,11
BRDA:41,10,0,0
BRDA:41,10,1,1
BRDA:51,11,0,0
BRDA:51,11,1,2
BRDA:55,12,0,1
BRDA:55,12,1,1
BRDA:59,13,0,1
BRDA:59,13,1,1
BRDA:63,14,0,0
BRDA:63,14,1,2
BRDA:68,15,0,4
BRDA:68,15,1,2
BRDA:68,16,0,6
BRDA:68,16,1,4
BRDA:70,17,0,0
BRDA:70,17,1,2
BRF:36
BRH:28
end_of_record
TN:
SF:src/Encoder.js
FN:60,encrypt
FN:64,(anonymous_1)
FN:78,decrypt
FN:82,(anonymous_3)
FN:96,encryptC
FN:100,decryptC
FN:104,encryptR
FN:108,decryptR
FN:111,encryptA
FN:117,(anonymous_9)
FNF:10
FNH:10
FNDA:8,encrypt
FNDA:202,(anonymous_1)
FNDA:2,decrypt
FNDA:82,(anonymous_3)
FNDA:4,encryptC
FNDA:1,decryptC
FNDA:4,encryptR
FNDA:1,decryptR
FNDA:3,encryptA
FNDA:60,(anonymous_9)
DA:1,1
DA:30,1
DA:61,8
DA:62,8
DA:63,8
DA:64,8
DA:65,202
DA:67,8
DA:69,194
DA:70,112
DA:73,82
DA:75,8
DA:79,2
DA:80,2
DA:81,2
DA:82,2
DA:83,82
DA:85,4
DA:87,78
DA:88,56
DA:91,22
DA:93,2
DA:97,4
DA:101,1
DA:105,4
DA:109,1
DA:112,3
DA:113,3
DA:114,3
DA:115,3
DA:116,3
DA:117,3
DA:118,60
DA:120,2
DA:122,58
DA:124,28
DA:127,30
DA:129,3
DA:133,1
LF:39
LH:39
BRDA:61,0,0,0
BRDA:61,0,1,8
BRDA:65,1,0,8
BRDA:65,1,1,194
BRDA:69,2,0,112
BRDA:69,2,1,82
BRDA:79,3,0,0
BRDA:79,3,1,2
BRDA:83,4,0,4
BRDA:83,4,1,78
BRDA:87,5,0,56
BRDA:87,5,1,22
BRDA:112,6,0,0
BRDA:112,6,1,3
BRDA:118,7,0,2
BRDA:118,7,1,58
BRDA:122,8,0,28
BRDA:122,8,1,30
BRF:18
BRH:15
end_of_record
TN:
SF:src/parseCipher.js
FN:4,parseMap
FN:6,(anonymous_1)
FN:22,getConfigObject
FNF:3
FNH:3
FNDA:2,parseMap
FNDA:6,(anonymous_1)
FNDA:2,getConfigObject
DA:1,1
DA:5,2
DA:6,2
DA:7,6
DA:8,2
DA:10,6
DA:11,2
DA:14,6
DA:15,2
DA:19,2
DA:23,2
DA:27,1
LF:12
LH:12
BRDA:7,0,0,2
BRDA:7,0,1,4
BRDA:10,1,0,2
BRDA:10,1,1,4
BRDA:14,2,0,2
BRDA:14,2,1,4
BRF:6
BRH:6
end_of_record
