TN:
SF:src/CmdLine.js
FN:4,checkFile
FN:6,(anonymous_1)
FN:16,parseConsole
FN:21,(anonymous_3)
FN:67,(anonymous_4)
FNF:5
FNH:4
FNDA:4,checkFile
FNDA:0,(anonymous_1)
FNDA:2,parseConsole
FNDA:12,(anonymous_3)
FNDA:6,(anonymous_4)
DA:1,1
DA:2,1
DA:5,4
DA:6,2
DA:7,0
DA:8,0
DA:12,2
DA:17,2
DA:18,2
DA:19,2
DA:21,2
DA:22,12
DA:23,2
DA:24,0
DA:26,2
DA:27,2
DA:31,12
DA:32,1
DA:33,0
DA:35,1
DA:36,1
DA:40,12
DA:41,1
DA:42,0
DA:44,1
DA:45,1
DA:51,2
DA:52,0
DA:55,2
DA:56,1
DA:59,2
DA:60,1
DA:63,2
DA:64,0
DA:67,2
DA:68,6
DA:69,4
DA:70,2
DA:71,0
DA:75,2
DA:78,1
LF:41
LH:33
BRDA:5,0,0,2
BRDA:5,0,1,2
BRDA:7,1,0,0
BRDA:7,1,1,0
BRDA:22,2,0,2
BRDA:22,2,1,10
BRDA:22,3,0,12
BRDA:22,3,1,10
BRDA:23,4,0,0
BRDA:23,4,1,2
BRDA:31,5,0,1
BRDA:31,5,1,11
BRDA:31,6,0,12
BRDA:31,6,1,11
BRDA:32,7,0,0
BRDA:32,7,1,1
BRDA:40,8,0,1
BRDA:40,8,1,11
BRDA:40,9,0,12
BRDA:40,9,1,11
BRDA:41,10,0,0
BRDA:41,10,1,1
BRDA:51,11,0,0
BRDA:51,11,1,2
BRDA:55,12,0,1
BRDA:55,12,1,1
BRDA:59,13,0,1
BRDA:59,13,1,1
BRDA:63,14,0,0
BRDA:63,14,1,2
BRDA:68,15,0,4
BRDA:68,15,1,2
BRDA:68,16,0,6
BRDA:68,16,1,4
BRDA:70,17,0,0
BRDA:70,17,1,2
BRF:36
BRH:28
end_of_record
TN:
SF:src/Encoder.js
FN:60,encrypt
FN:64,(anonymous_1)
FN:78,decrypt
FN:82,(anonymous_3)
FN:96,encryptC
FN:100,decryptC
FN:104,encryptR
FN:108,decryptR
FN:111,encryptA
FN:117,(anonymous_9)
FNF:10
FNH:10
FNDA:8,encrypt
FNDA:202,(anonymous_1)
FNDA:2,decrypt
FNDA:82,(anonymous_3)
FNDA:4,encryptC
FNDA:1,decryptC
FNDA:4,encryptR
FNDA:1,decryptR
FNDA:3,encryptA
FNDA:60,(anonymous_9)
DA:1,1
DA:30,1
DA:61,8
DA:62,8
DA:63,8
DA:64,8
DA:65,202
DA:67,8
DA:69,194
DA:70,112
DA:73,82
DA:75,8
DA:79,2
DA:80,2
DA:81,2
DA:82,2
DA:83,82
DA:85,4
DA:87,78
DA:88,56
DA:91,22
DA:93,2
DA:97,4
DA:101,1
DA:105,4
DA:109,1
DA:112,3
DA:113,3
DA:114,3
DA:115,3
DA:116,3
DA:117,3
DA:118,60
DA:120,2
DA:122,58
DA:124,28
DA:127,30
DA:129,3
DA:133,1
LF:39
LH:39
BRDA:61,0,0,0
BRDA:61,0,1,8
BRDA:65,1,0,8
BRDA:65,1,1,194
BRDA:69,2,0,112
BRDA:69,2,1,82
BRDA:79,3,0,0
BRDA:79,3,1,2
BRDA:83,4,0,4
BRDA:83,4,1,78
BRDA:87,5,0,56
BRDA:87,5,1,22
BRDA:112,6,0,0
BRDA:112,6,1,3
BRDA:118,7,0,2
BRDA:118,7,1,58
BRDA:122,8,0,28
BRDA:122,8,1,30
BRF:18
BRH:15
end_of_record
TN:
SF:src/Mystreams.js
FN:9,(anonymous_0)
FN:14,(anonymous_1)
FN:15,(anonymous_2)
FN:24,(anonymous_3)
FN:26,(anonymous_4)
FN:37,(anonymous_5)
FN:39,(anonymous_6)
FN:45,(anonymous_7)
FN:49,(anonymous_8)
FN:50,(anonymous_9)
FN:59,(anonymous_10)
FN:62,(anonymous_11)
FN:64,(anonymous_12)
FN:72,(anonymous_13)
FN:80,(anonymous_14)
FN:89,(anonymous_15)
FN:94,(anonymous_16)
FN:103,(anonymous_17)
FN:108,(anonymous_18)
FN:116,MyStreamFunction
FN:127,(anonymous_20)
FNF:21
FNH:4
FNDA:1,(anonymous_0)
FNDA:0,(anonymous_1)
FNDA:0,(anonymous_2)
FNDA:0,(anonymous_3)
FNDA:0,(anonymous_4)
FNDA:0,(anonymous_5)
FNDA:0,(anonymous_6)
FNDA:1,(anonymous_7)
FNDA:0,(anonymous_8)
FNDA:0,(anonymous_9)
FNDA:0,(anonymous_10)
FNDA:0,(anonymous_11)
FNDA:0,(anonymous_12)
FNDA:1,(anonymous_13)
FNDA:0,(anonymous_14)
FNDA:1,(anonymous_15)
FNDA:0,(anonymous_16)
FNDA:0,(anonymous_17)
FNDA:0,(anonymous_18)
FNDA:0,MyStreamFunction
FNDA:0,(anonymous_20)
DA:1,1
DA:2,1
DA:3,1
DA:10,1
DA:11,1
DA:12,1
DA:15,0
DA:16,0
DA:17,0
DA:19,0
DA:20,0
DA:25,0
DA:26,0
DA:27,0
DA:28,0
DA:30,0
DA:38,0
DA:39,0
DA:46,1
DA:47,1
DA:50,0
DA:51,0
DA:52,0
DA:54,0
DA:55,0
DA:60,0
DA:63,0
DA:64,0
DA:66,0
DA:73,1
DA:76,1
DA:77,1
DA:81,0
DA:82,0
DA:90,1
DA:91,1
DA:95,0
DA:96,0
DA:104,0
DA:105,0
DA:109,0
DA:110,0
DA:117,0
DA:118,0
DA:119,0
DA:120,0
DA:121,0
DA:128,0
DA:133,1
LF:49
LH:14
BRDA:9,0,0,1
BRDA:16,1,0,0
BRDA:16,1,1,0
BRDA:27,2,0,0
BRDA:27,2,1,0
BRDA:31,3,0,0
BRDA:31,3,1,0
BRDA:38,4,0,0
BRDA:38,4,1,0
BRDA:39,5,0,0
BRDA:39,5,1,0
BRDA:51,6,0,0
BRDA:51,6,1,0
BRDA:63,7,0,0
BRDA:63,7,1,0
BRDA:64,8,0,0
BRDA:64,8,1,0
BRDA:72,9,0,1
BRDA:81,10,0,0
BRDA:81,10,1,0
BRDA:82,11,0,0
BRDA:82,11,1,0
BRDA:89,12,0,1
BRDA:95,13,0,0
BRDA:95,13,1,0
BRDA:96,14,0,0
BRDA:96,14,1,0
BRDA:103,15,0,0
BRDA:109,16,0,0
BRDA:109,16,1,0
BRF:30
BRH:3
end_of_record
TN:
SF:src/parseCipher.js
FN:16,parseCommands
FN:18,(anonymous_1)
FN:31,parseMap
FN:33,(anonymous_3)
FN:49,getConfigObject
FNF:5
FNH:3
FNDA:0,parseCommands
FNDA:0,(anonymous_1)
FNDA:2,parseMap
FNDA:6,(anonymous_3)
FNDA:2,getConfigObject
DA:1,1
DA:2,1
DA:3,1
DA:11,1
DA:14,1
DA:17,0
DA:18,0
DA:19,0
DA:20,0
DA:21,0
DA:25,0
DA:28,0
DA:32,2
DA:33,2
DA:34,6
DA:35,2
DA:37,6
DA:38,2
DA:41,6
DA:42,2
DA:46,2
DA:50,2
DA:54,1
LF:23
LH:16
BRDA:19,0,0,0
BRDA:19,0,1,0
BRDA:20,1,0,0
BRDA:20,1,1,0
BRDA:21,2,0,0
BRDA:21,2,1,0
BRDA:34,3,0,2
BRDA:34,3,1,4
BRDA:37,4,0,2
BRDA:37,4,1,4
BRDA:41,5,0,2
BRDA:41,5,1,4
BRF:12
BRH:6
end_of_record
